 gaussian weighted mass
    54      0.0147
    55      0.0280
    56      0.0487
    57      0.0778
    58      0.1144
    59      0.1556
    60      0.1977
    61      0.2366
    62      0.2701
    63      0.2978
    64      0.3207
    65      0.3407
    66      0.3595
    67      0.3782
    68      0.3980
    69      0.4196
    70      0.4435
    71      0.4696
    72      0.4981
    73      0.5291
    74      0.5630
    75      0.6000
    76      0.6404
    77      0.6838
    78      0.7307
    79      0.7816
    80      0.8369
    81      0.8965
    82      0.9602
    83      1.0283
    84      1.1014
    85      1.1801
    86      1.2644
    87      1.3539
    88      1.4487
    89      1.5494
    90      1.6567
    91      1.7706
    92      1.8904
    93      2.0158
    94      2.1472
    95      2.2858
    96      2.4314
    97      2.5832
    98      2.7398
    99      2.9016
   100      3.0695
   101      3.2435
   102      3.4221
   103      3.6023
   104      3.7811
   105      3.9537
   106      4.1088
   107      4.2245
   108      4.2681
   109      4.2022
   110      3.9954
   111      3.6350
   112      3.1358
   113      2.5430
   114      1.9233
   115      1.3472
   116      0.8687
   117      0.5133
   118      0.2768
   119      0.1358
   120      0.0605
   121      0.0244
   137      0.0244
   138      0.0605
   139      0.1358
   140      0.2768
   141      0.5133
   142      0.8687
   143      1.3472
   144      1.9233
   145      2.5430
   146      3.1358
   147      3.6350
   148      3.9954
   149      4.2022
   150      4.2681
   151      4.2245
   152      4.1088
   153      3.9537
   154      3.7811
   155      3.6023
   156      3.4221
   157      3.2435
   158      3.0695
   159      2.9016
   160      2.7398
   161      2.5832
   162      2.4314
   163      2.2858
   164      2.1472
   165      2.0158
   166      1.8904
   167      1.7706
   168      1.6567
   169      1.5494
   170      1.4487
   171      1.3539
   172      1.2644
   173      1.1801
   174      1.1014
   175      1.0283
   176      0.9602
   177      0.8965
   178      0.8369
   179      0.7816
   180      0.7307
   181      0.6838
   182      0.6404
   183      0.6000
   184      0.5630
   185      0.5291
   186      0.4981
   187      0.4696
   188      0.4435
   189      0.4196
   190      0.3980
   191      0.3782
   192      0.3595
   193      0.3407
   194      0.3207
   195      0.2978
   196      0.2701
   197      0.2366
   198      0.1977
   199      0.1556
   200      0.1144
   201      0.0778
   202      0.0487
   203      0.0280
   204      0.0147
   204      0.0004
   203      0.0010
   202      0.0026
   201      0.0062
   200      0.0135
   199      0.0267
   198      0.0485
   197      0.0813
   196      0.1260
   195      0.1814
   194      0.2435
   193      0.3072
   192      0.3674
   191      0.4209
   190      0.4673
   189      0.5082
   188      0.5460
   187      0.5828
   186      0.6203
   185      0.6598
   184      0.7024
   183      0.7488
   182      0.7991
   181      0.8534
   180      0.9119
   179      0.9754
   178      1.0444
   177      1.1188
   176      1.1983
   175      1.2833
   174      1.3745
   173      1.4727
   172      1.5779
   171      1.6896
   170      1.8079
   169      1.9335
   168      2.0674
   167      2.2096
   166      2.3591
   165      2.5156
   164      2.6796
   163      2.8525
   162      3.0343
   161      3.2235
   160      3.4187
   159      3.6193
   158      3.8250
   157      4.0318
   156      4.2288
   155      4.3968
   154      4.5074
   153      4.5243
   152      4.4071
   151      4.1227
   150      3.6625
   149      3.0567
   148      2.3738
   147      1.7021
   146      1.1199
   145      0.6730
   144      0.3682
   143      0.1829
   142      0.0824
   141      0.0336
   140      0.0124
   139      0.0041
   138      0.0012
   137      0.0003
   121      0.0003
   120      0.0012
   119      0.0041
   118      0.0124
   117      0.0336
   116      0.0824
   115      0.1829
   114      0.3682
   113      0.6730
   112      1.1199
   111      1.7021
   110      2.3738
   109      3.0567
   108      3.6625
   107      4.1227
   106      4.4071
   105      4.5243
   104      4.5074
   103      4.3968
   102      4.2288
   101      4.0318
   100      3.8250
    99      3.6193
    98      3.4187
    97      3.2235
    96      3.0343
    95      2.8525
    94      2.6796
    93      2.5156
    92      2.3591
    91      2.2096
    90      2.0674
    89      1.9335
    88      1.8079
    87      1.6896
    86      1.5779
    85      1.4727
    84      1.3745
    83      1.2833
    82      1.1983
    81      1.1188
    80      1.0444
    79      0.9754
    78      0.9119
    77      0.8534
    76      0.7991
    75      0.7488
    74      0.7024
    73      0.6598
    72      0.6203
    71      0.5828
    70      0.5460
    69      0.5082
    68      0.4673
    67      0.4209
    66      0.3674
    65      0.3072
    64      0.2435
    63      0.1814
    62      0.1260
    61      0.0813
    60      0.0485
    59      0.0267
    58      0.0135
    57      0.0062
    56      0.0026
    55      0.0010
    54      0.0004
 gaussian weighted charge
    19      0.0196
    20      0.0634
    21      0.1099
    22      0.3077
    23      0.3148
    24      0.7572
    25      0.5733
    26      1.2101
    27      0.8358
    28      1.6785
    29      1.1624
    30      2.3361
    31      1.6405
    32      3.3098
    33      2.3359
    34      4.6978
    35      3.3023
    36      6.5761
    37      4.5576
    38      8.9068
    39      5.9285
    40     11.0637
    41      6.6477
    42     11.0460
    43      5.5774
    44      7.4361
    45      3.0279
    46      2.8713
    47      0.9488
    48      0.5490
    49      0.1537
    50      0.0466
    51      0.1537
    52      0.5490
    53      0.9488
    54      2.8713
    55      3.0279
    56      7.4361
    57      5.5774
    58     11.0460
    59      6.6477
    60     11.0637
    61      5.9285
    62      8.9068
    63      4.5576
    64      6.5761
    65      3.3023
    66      4.6978
    67      2.3359
    68      3.3098
    69      1.6405
    70      2.3361
    71      1.1624
    72      1.6785
    73      0.8358
    74      1.2101
    75      0.5733
    76      0.7572
    77      0.3148
    78      0.3077
    79      0.1099
    80      0.0634
    81      0.0196
    81      0.0026
    80      0.0099
    79      0.0328
    78      0.1025
    77      0.1826
    76      0.4958
    75      0.5208
    74      1.2346
    73      0.9575
    72      2.0294
    71      1.4335
    70      2.9089
    69      2.0455
    68      4.1297
    67      2.9144
    66      5.8608
    65      4.1142
    64      8.1784
    63      5.6022
    62     10.7989
    61      6.8583
    60     12.1420
    59      6.5720
    58      9.6072
    57      4.1803
    56      4.2764
    55      1.5222
    54      0.9029
    53      0.2737
    52      0.0846
    51      0.0214
    50      0.0036
    49      0.0214
    48      0.0846
    47      0.2737
    46      0.9029
    45      1.5222
    44      4.2764
    43      4.1803
    42      9.6072
    41      6.5720
    40     12.1420
    39      6.8583
    38     10.7989
    37      5.6022
    36      8.1784
    35      4.1142
    34      5.8608
    33      2.9144
    32      4.1297
    31      2.0455
    30      2.9089
    29      1.4335
    28      2.0294
    27      0.9575
    26      1.2346
    25      0.5208
    24      0.4958
    23      0.1826
    22      0.1025
    21      0.0328
    20      0.0099
    19      0.0026
