 gaussian weighted mass
    49      0.0112
    50      0.0220
    51      0.0394
    52      0.0649
    53      0.0984
    54      0.1378
    55      0.1796
    56      0.2194
    57      0.2538
    58      0.2813
    59      0.3025
    60      0.3187
    61      0.3320
    62      0.3439
    63      0.3556
    64      0.3682
    65      0.3822
    66      0.3981
    67      0.4159
    68      0.4355
    69      0.4573
    70      0.4817
    71      0.5086
    72      0.5379
    73      0.5698
    74      0.6045
    75      0.6426
    76      0.6842
    77      0.7292
    78      0.7777
    79      0.8299
    80      0.8866
    81      0.9479
    82      1.0138
    83      1.0841
    84      1.1593
    85      1.2400
    86      1.3269
    87      1.4195
    88      1.5176
    89      1.6212
    90      1.7313
    91      1.8485
    92      1.9727
    93      2.1030
    94      2.2391
    95      2.3819
    96      2.5323
    97      2.6900
    98      2.8536
    99      3.0221
   100      3.1959
   101      3.3756
   102      3.5598
   103      3.7432
   104      3.9170
   105      4.0679
   106      4.1762
   107      4.2127
   108      4.1414
   109      3.9300
   110      3.5653
   111      3.0659
   112      2.4815
   113      1.8802
   114      1.3279
   115      0.8712
   116      0.5294
   117      0.2972
   118      0.1537
   119      0.0730
   120      0.0318
   121      0.0127
   139      0.0127
   140      0.0318
   141      0.0730
   142      0.1537
   143      0.2972
   144      0.5294
   145      0.8712
   146      1.3279
   147      1.8802
   148      2.4815
   149      3.0659
   150      3.5653
   151      3.9300
   152      4.1414
   153      4.2127
   154      4.1762
   155      4.0679
   156      3.9170
   157      3.7432
   158      3.5598
   159      3.3756
   160      3.1959
   161      3.0221
   162      2.8536
   163      2.6900
   164      2.5323
   165      2.3819
   166      2.2391
   167      2.1030
   168      1.9727
   169      1.8485
   170      1.7313
   171      1.6212
   172      1.5176
   173      1.4195
   174      1.3269
   175      1.2400
   176      1.1593
   177      1.0841
   178      1.0138
   179      0.9479
   180      0.8866
   181      0.8299
   182      0.7777
   183      0.7292
   184      0.6842
   185      0.6426
   186      0.6045
   187      0.5698
   188      0.5379
   189      0.5086
   190      0.4817
   191      0.4573
   192      0.4355
   193      0.4159
   194      0.3981
   195      0.3822
   196      0.3682
   197      0.3556
   198      0.3439
   199      0.3320
   200      0.3187
   201      0.3025
   202      0.2813
   203      0.2538
   204      0.2194
   205      0.1796
   206      0.1378
   207      0.0984
   208      0.0649
   209      0.0394
   210      0.0220
   211      0.0112
   211      0.0001
   210      0.0004
   209      0.0011
   208      0.0029
   207      0.0068
   206      0.0148
   205      0.0294
   204      0.0534
   203      0.0892
   202      0.1374
   201      0.1960
   200      0.2601
   199      0.3240
   198      0.3825
   197      0.4328
   196      0.4749
   195      0.5106
   194      0.5423
   193      0.5722
   192      0.6020
   191      0.6335
   190      0.6678
   189      0.7053
   188      0.7461
   187      0.7903
   186      0.8384
   185      0.8912
   184      0.9490
   183      1.0115
   182      1.0787
   181      1.1511
   180      1.2297
   179      1.3148
   178      1.4062
   177      1.5037
   176      1.6079
   175      1.7199
   174      1.8404
   173      1.9689
   172      2.1049
   171      2.2486
   170      2.4013
   169      2.5639
   168      2.7362
   167      2.9168
   166      3.1054
   165      3.3029
   164      3.5098
   163      3.7237
   162      3.9381
   161      4.1425
   160      4.3209
   159      4.4489
   158      4.4908
   157      4.4054
   156      4.1595
   155      3.7456
   154      3.1923
   153      2.5599
   152      1.9234
   151      1.3501
   150      0.8835
   149      0.5382
   148      0.3046
   147      0.1600
   146      0.0778
   145      0.0350
   144      0.0145
   143      0.0055
   142      0.0019
   141      0.0006
   140      0.0002
   139      0.0000
   121      0.0000
   120      0.0002
   119      0.0006
   118      0.0019
   117      0.0055
   116      0.0145
   115      0.0350
   114      0.0778
   113      0.1600
   112      0.3046
   111      0.5382
   110      0.8835
   109      1.3501
   108      1.9234
   107      2.5599
   106      3.1923
   105      3.7456
   104      4.1595
   103      4.4054
   102      4.4908
   101      4.4489
   100      4.3209
    99      4.1425
    98      3.9381
    97      3.7237
    96      3.5098
    95      3.3029
    94      3.1054
    93      2.9168
    92      2.7362
    91      2.5639
    90      2.4013
    89      2.2486
    88      2.1049
    87      1.9689
    86      1.8404
    85      1.7199
    84      1.6079
    83      1.5037
    82      1.4062
    81      1.3148
    80      1.2297
    79      1.1511
    78      1.0787
    77      1.0115
    76      0.9490
    75      0.8912
    74      0.8384
    73      0.7903
    72      0.7461
    71      0.7053
    70      0.6678
    69      0.6335
    68      0.6020
    67      0.5722
    66      0.5423
    65      0.5106
    64      0.4749
    63      0.4328
    62      0.3825
    61      0.3240
    60      0.2601
    59      0.1960
    58      0.1374
    57      0.0892
    56      0.0534
    55      0.0294
    54      0.0148
    53      0.0068
    52      0.0029
    51      0.0011
    50      0.0004
    49      0.0001
 gaussian weighted charge
    17      0.0154
    18      0.0614
    19      0.0912
    20      0.3102
    21      0.2797
    22      0.7465
    23      0.5232
    24      1.1169
    25      0.7336
    26      1.4364
    27      0.9618
    28      1.8946
    29      1.3049
    30      2.6097
    31      1.8278
    32      3.6760
    33      2.5888
    34      5.1920
    35      3.6434
    36      7.2379
    37      5.0063
    38      9.7518
    39      6.4266
    40     11.7469
    41      6.8350
    42     10.2470
    43      5.0027
    44      4.9689
    45      2.0614
    46      1.1382
    47      0.3997
    48      0.1194
    49      0.0324
    51      0.0324
    52      0.1194
    53      0.3997
    54      1.1382
    55      2.0614
    56      4.9689
    57      5.0027
    58     10.2470
    59      6.8350
    60     11.7469
    61      6.4266
    62      9.7518
    63      5.0063
    64      7.2379
    65      3.6434
    66      5.1920
    67      2.5888
    68      3.6760
    69      1.8278
    70      2.6097
    71      1.3049
    72      1.8946
    73      0.9618
    74      1.4364
    75      0.7336
    76      1.1169
    77      0.5232
    78      0.7465
    79      0.2797
    80      0.3102
    81      0.0912
    82      0.0614
    83      0.0154
    83      0.0017
    82      0.0076
    81      0.0233
    80      0.0931
    79      0.1407
    78      0.4784
    77      0.4454
    76      1.1951
    75      0.8739
    74      1.9030
    73      1.3034
    72      2.6182
    71      1.8074
    70      3.6192
    69      2.5351
    68      5.0985
    67      3.5899
    66      7.1976
    65      5.0287
    64      9.9316
    63      6.6327
    62     12.2997
    61      7.2540
    60     10.9627
    59      5.4330
    58      5.3866
    57      2.2726
    56      1.2462
    55      0.4441
    54      0.1322
    53      0.0361
    52      0.0067
    51      0.0012
    49      0.0012
    48      0.0067
    47      0.0361
    46      0.1322
    45      0.4441
    44      1.2462
    43      2.2726
    42      5.3866
    41      5.4330
    40     10.9627
    39      7.2540
    38     12.2997
    37      6.6327
    36      9.9316
    35      5.0287
    34      7.1976
    33      3.5899
    32      5.0985
    31      2.5351
    30      3.6192
    29      1.8074
    28      2.6182
    27      1.3034
    26      1.9030
    25      0.8739
    24      1.1951
    23      0.4454
    22      0.4784
    21      0.1407
    20      0.0931
    19      0.0233
    18      0.0076
    17      0.0017
