 gaussian weighted mass
   114      0.0283
   115      0.0800
   116      0.2053
   117      0.4794
   118      1.0199
   119      1.9826
   120      3.5306
   121      5.7764
   122      8.7074
   123     12.1272
   124     15.6448
   125     18.7352
   126     20.8608
   127     21.6192
   128     20.8608
   129     18.7352
   130     15.6448
   131     12.1272
   132      8.7074
   133      5.7764
   134      3.5306
   135      1.9826
   136      1.0199
   137      0.4794
   138      0.2053
   139      0.0800
   140      0.0283
   140      0.0024
   139      0.0096
   138      0.0339
   137      0.1077
   136      0.3065
   135      0.7813
   134      1.7841
   133      3.6493
   132      6.6861
   131     10.9731
   130     16.1312
   129     21.2418
   128     25.0557
   127     26.4735
   126     25.0557
   125     21.2418
   124     16.1312
   123     10.9731
   122      6.6861
   121      3.6493
   120      1.7841
   119      0.7813
   118      0.3065
   117      0.1077
   116      0.0339
   115      0.0096
   114      0.0024
 gaussian weighted charge
    41      0.0381
    42      0.1706
    43      0.5419
    44      2.1243
    45      3.6089
    46     11.2711
    47     12.3234
    48     28.3765
    49     22.5391
    50     37.9986
    51     22.5391
    52     28.3765
    53     12.3234
    54     11.2711
    55      3.6089
    56      2.1243
    57      0.5419
    58      0.1706
    59      0.0381
    59      0.0050
    58      0.0225
    57      0.1561
    56      0.6712
    55      1.9026
    54      7.6676
    53      9.3636
    52     33.1576
    51     20.0338
    50     54.0392
    49     20.0338
    48     33.1576
    47      9.3636
    46      7.6676
    45      1.9026
    44      0.6712
    43      0.1561
    42      0.0225
    41      0.0050
