 gaussian weighted mass
   114      0.0220
   115      0.0644
   116      0.1704
   117      0.4066
   118      0.8771
   119      1.7142
   120      3.0435
   121      4.9271
   122      7.3062
   123      9.9812
   124     12.6515
   125     15.0029
   126     16.7945
   127     17.8964
   128     18.2657
   129     17.8964
   130     16.7945
   131     15.0029
   132     12.6515
   133      9.9812
   134      7.3062
   135      4.9271
   136      3.0435
   137      1.7142
   138      0.8771
   139      0.4066
   140      0.1704
   141      0.0644
   142      0.0220
   142      0.0005
   141      0.0024
   140      0.0096
   139      0.0339
   138      0.1077
   137      0.3065
   136      0.7813
   135      1.7841
   134      3.6493
   133      6.6861
   132     10.9731
   131     16.1312
   130     21.2418
   129     25.0557
   128     26.4735
   127     25.0557
   126     21.2418
   125     16.1312
   124     10.9731
   123      6.6861
   122      3.6493
   121      1.7841
   120      0.7813
   119      0.3065
   118      0.1077
   117      0.0339
   116      0.0096
   115      0.0024
   114      0.0005
 gaussian weighted charge
    41      0.0438
    42      0.1948
    43      0.6029
    44      2.3742
    45      3.7992
    46     12.0537
    47     12.2564
    48     28.5188
    49     21.6893
    50     36.9178
    51     21.6893
    52     28.5188
    53     12.2564
    54     12.0537
    55      3.7992
    56      2.3742
    57      0.6029
    58      0.1948
    59      0.0438
    59      0.0050
    58      0.0225
    57      0.1561
    56      0.6712
    55      1.9026
    54      7.6676
    53      9.3636
    52     33.1576
    51     20.0338
    50     54.0392
    49     20.0338
    48     33.1576
    47      9.3636
    46      7.6676
    45      1.9026
    44      0.6712
    43      0.1561
    42      0.0225
    41      0.0050
