 gaussian weighted mass
     2      0.0000
   130      0.0225
   131      0.0542
   132      0.1198
   133      0.2429
   134      0.4528
   135      0.7776
   136      1.2333
   137      1.8125
   138      2.4806
   139      3.1816
   140      3.8549
   141      4.4541
   142      4.9565
   143      5.3621
   144      5.6835
   145      5.9366
   146      6.1350
   147      6.2889
   148      6.4045
   149      6.4846
   150      6.5315
   151      6.5514
   152      6.5552
   153      6.5547
   154      6.5552
   155      6.5514
   156      6.5315
   157      6.4846
   158      6.4045
   159      6.2889
   160      6.1350
   161      5.9366
   162      5.6835
   163      5.3621
   164      4.9565
   165      4.4541
   166      3.8549
   167      3.1816
   168      2.4806
   169      1.8125
   170      1.2333
   171      0.7776
   172      0.4528
   173      0.2429
   174      0.1198
   175      0.0542
   176      0.0225
   308     22.2662
   123      0.0000
   304     26.4549
   176      0.0010
   175      0.0031
   174      0.0092
   173      0.0249
   172      0.0615
   171      0.1388
   170      0.2865
   169      0.5425
   168      0.9445
   167      1.5171
   166      2.2577
   165      3.1282
   164      4.0595
   163      4.9675
   162      5.7761
   161      6.4366
   160      6.9356
   159      7.2881
   158      7.5224
   157      7.6672
   156      7.7457
   155      7.7786
   154      7.7865
   153      7.7868
   152      7.7865
   151      7.7786
   150      7.7457
   149      7.6672
   148      7.5224
   147      7.2881
   146      6.9356
   145      6.4366
   144      5.7761
   143      4.9675
   142      4.0595
   141      3.1282
   140      2.2577
   139      1.5171
   138      0.9445
   137      0.5425
   136      0.2865
   135      0.1388
   134      0.0615
   133      0.0249
   132      0.0092
   131      0.0031
   130      0.0010
    -2     -0.8186
   183      0.8186
 gaussian weighted charge
    48      0.0135
    49      0.0501
    50      0.1956
    51      0.4297
    52      1.4447
    53      2.0168
    54      5.7547
    55      5.5165
    56     13.1846
    57      9.7076
    58     19.8214
    59     12.3373
    60     23.0222
    61     13.0033
    62     23.0222
    63     12.3373
    64     19.8214
    65      9.7076
    66     13.1846
    67      5.5165
    68      5.7547
    69      2.0168
    70      1.4447
    71      0.4297
    72      0.1956
    73      0.0501
    74      0.0135
    74      0.0024
    73      0.0131
    72      0.0555
    71      0.1706
    70      0.6326
    69      1.1417
    68      3.6182
    67      4.2479
    66     11.2340
    65      9.4456
    64     21.0104
    63     13.8244
    62     26.9700
    61     15.2659
    60     26.9700
    59     13.8244
    58     21.0104
    57      9.4456
    56     11.2340
    55      4.2479
    54      3.6182
    53      1.1417
    52      0.6326
    51      0.1706
    50      0.0555
    49      0.0131
    48      0.0024
