 gaussian weighted mass
    54      0.0119
    55      0.0227
    56      0.0396
    57      0.0636
    58      0.0943
    59      0.1297
    60      0.1668
    61      0.2022
    62      0.2336
    63      0.2603
    64      0.2829
    65      0.3026
    66      0.3206
    67      0.3382
    68      0.3564
    69      0.3761
    70      0.3976
    71      0.4211
    72      0.4466
    73      0.4744
    74      0.5048
    75      0.5380
    76      0.5742
    77      0.6131
    78      0.6552
    79      0.7008
    80      0.7504
    81      0.8038
    82      0.8610
    83      0.9220
    84      0.9875
    85      1.0581
    86      1.1337
    87      1.2140
    88      1.2989
    89      1.3892
    90      1.4854
    91      1.5876
    92      1.6950
    93      1.8074
    94      1.9253
    95      2.0495
    96      2.1801
    97      2.3161
    98      2.4566
    99      2.6017
   100      2.7522
   101      2.9084
   102      3.0688
   103      3.2315
   104      3.3952
   105      3.5590
   106      3.7198
   107      3.8698
   108      3.9958
   109      4.0803
   110      4.1015
   111      4.0337
   112      3.8496
   113      3.5300
   114      3.0770
   115      2.5233
   116      1.9291
   117      1.3646
   118      0.8877
   119      0.5287
   120      0.2873
   121      0.1421
   122      0.0638
   123      0.0260
   135      0.0260
   136      0.0638
   137      0.1421
   138      0.2873
   139      0.5287
   140      0.8877
   141      1.3646
   142      1.9291
   143      2.5233
   144      3.0770
   145      3.5300
   146      3.8496
   147      4.0337
   148      4.1015
   149      4.0803
   150      3.9958
   151      3.8698
   152      3.7198
   153      3.5590
   154      3.3952
   155      3.2315
   156      3.0688
   157      2.9084
   158      2.7522
   159      2.6017
   160      2.4566
   161      2.3161
   162      2.1801
   163      2.0495
   164      1.9253
   165      1.8074
   166      1.6950
   167      1.5876
   168      1.4854
   169      1.3892
   170      1.2989
   171      1.2140
   172      1.1337
   173      1.0581
   174      0.9875
   175      0.9220
   176      0.8610
   177      0.8038
   178      0.7504
   179      0.7008
   180      0.6552
   181      0.6131
   182      0.5742
   183      0.5380
   184      0.5048
   185      0.4744
   186      0.4466
   187      0.4211
   188      0.3976
   189      0.3761
   190      0.3564
   191      0.3382
   192      0.3206
   193      0.3026
   194      0.2829
   195      0.2603
   196      0.2336
   197      0.2022
   198      0.1668
   199      0.1297
   200      0.0943
   201      0.0636
   202      0.0396
   203      0.0227
   204      0.0119
   204      0.0002
   203      0.0005
   202      0.0014
   201      0.0035
   200      0.0080
   199      0.0167
   198      0.0321
   197      0.0567
   196      0.0921
   195      0.1384
   194      0.1930
   193      0.2517
   192      0.3097
   191      0.3632
   190      0.4108
   189      0.4531
   188      0.4914
   187      0.5277
   186      0.5636
   185      0.6005
   184      0.6398
   183      0.6824
   182      0.7283
   181      0.7779
   180      0.8312
   179      0.8891
   178      0.9520
   177      1.0199
   176      1.0924
   175      1.1699
   174      1.2531
   173      1.3426
   172      1.4386
   171      1.5405
   170      1.6484
   169      1.7630
   168      1.8852
   167      2.0149
   166      2.1513
   165      2.2940
   164      2.4437
   163      2.6015
   162      2.7674
   161      2.9401
   160      3.1185
   159      3.3025
   158      3.4931
   157      3.6895
   156      3.8877
   155      4.0798
   154      4.2537
   153      4.3899
   152      4.4577
   151      4.4159
   150      4.2234
   149      3.8576
   148      3.3310
   147      2.6958
   146      2.0303
   145      1.4149
   144      0.9083
   143      0.5351
   142      0.2884
   141      0.1418
   140      0.0635
   139      0.0259
   138      0.0095
   137      0.0032
   136      0.0010
   135      0.0003
   123      0.0003
   122      0.0010
   121      0.0032
   120      0.0095
   119      0.0259
   118      0.0635
   117      0.1418
   116      0.2884
   115      0.5351
   114      0.9083
   113      1.4149
   112      2.0303
   111      2.6958
   110      3.3310
   109      3.8576
   108      4.2234
   107      4.4159
   106      4.4577
   105      4.3899
   104      4.2537
   103      4.0798
   102      3.8877
   101      3.6895
   100      3.4931
    99      3.3025
    98      3.1185
    97      2.9401
    96      2.7674
    95      2.6015
    94      2.4437
    93      2.2940
    92      2.1513
    91      2.0149
    90      1.8852
    89      1.7630
    88      1.6484
    87      1.5405
    86      1.4386
    85      1.3426
    84      1.2531
    83      1.1699
    82      1.0924
    81      1.0199
    80      0.9520
    79      0.8891
    78      0.8312
    77      0.7779
    76      0.7283
    75      0.6824
    74      0.6398
    73      0.6005
    72      0.5636
    71      0.5277
    70      0.4914
    69      0.4531
    68      0.4108
    67      0.3632
    66      0.3097
    65      0.2517
    64      0.1930
    63      0.1384
    62      0.0921
    61      0.0567
    60      0.0321
    59      0.0167
    58      0.0080
    57      0.0035
    56      0.0014
    55      0.0005
    54      0.0002
 gaussian weighted charge
    19      0.0132
    20      0.0529
    21      0.0800
    22      0.2723
    23      0.2539
    24      0.6821
    25      0.5001
    26      1.0919
    27      0.7501
    28      1.5123
    29      1.0470
    30      2.1040
    31      1.4775
    32      2.9809
    33      2.1038
    34      4.2311
    35      2.9748
    36      5.9256
    37      4.1173
    38      8.0715
    39      5.4609
    40     10.3664
    41      6.5441
    42     11.4243
    43      6.2430
    44      8.9743
    45      4.0248
    46      4.0075
    47      1.4946
    48      0.8582
    49      0.2727
    50      0.0813
    51      0.2727
    52      0.8582
    53      1.4946
    54      4.0075
    55      4.0248
    56      8.9743
    57      6.2430
    58     11.4243
    59      6.5441
    60     10.3664
    61      5.4609
    62      8.0715
    63      4.1173
    64      5.9256
    65      2.9748
    66      4.2311
    67      2.1038
    68      2.9809
    69      1.4775
    70      2.1040
    71      1.0470
    72      1.5123
    73      0.7501
    74      1.0919
    75      0.5001
    76      0.6821
    77      0.2539
    78      0.2723
    79      0.0800
    80      0.0529
    81      0.0132
    81      0.0015
    80      0.0067
    79      0.0206
    78      0.0824
    77      0.1263
    76      0.4292
    75      0.4096
    74      1.1040
    73      0.8334
    72      1.8412
    71      1.2984
    70      2.6517
    69      1.8649
    68      3.7678
    67      2.6588
    66      5.3493
    65      3.7596
    64      7.4901
    63      5.1868
    62     10.1295
    61      6.6773
    60     12.2378
    59      7.1058
    58     10.6926
    57      5.1923
    56      5.1848
    55      2.1352
    54      1.1853
    53      0.4135
    52      0.1238
    51      0.0335
    50      0.0060
    49      0.0335
    48      0.1238
    47      0.4135
    46      1.1853
    45      2.1352
    44      5.1848
    43      5.1923
    42     10.6926
    41      7.1058
    40     12.2378
    39      6.6773
    38     10.1295
    37      5.1868
    36      7.4901
    35      3.7596
    34      5.3493
    33      2.6588
    32      3.7678
    31      1.8649
    30      2.6517
    29      1.2984
    28      1.8412
    27      0.8334
    26      1.1040
    25      0.4096
    24      0.4292
    23      0.1263
    22      0.0824
    21      0.0206
    20      0.0067
    19      0.0015
