 gaussian weighted mass
    66      0.0182
    67      0.0325
    68      0.0536
    69      0.0814
    70      0.1147
    71      0.1510
    72      0.1875
    73      0.2222
    74      0.2539
    75      0.2825
    76      0.3088
    77      0.3339
    78      0.3588
    79      0.3847
    80      0.4123
    81      0.4419
    82      0.4734
    83      0.5071
    84      0.5432
    85      0.5821
    86      0.6238
    87      0.6681
    88      0.7150
    89      0.7648
    90      0.8179
    91      0.8743
    92      0.9336
    93      0.9957
    94      1.0608
    95      1.1294
    96      1.2016
    97      1.2768
    98      1.3545
    99      1.4347
   100      1.5179
   101      1.6043
   102      1.6932
   103      1.7837
   104      1.8755
   105      1.9691
   106      2.0647
   107      2.1617
   108      2.2586
   109      2.3547
   110      2.4504
   111      2.5461
   112      2.6414
   113      2.7346
   114      2.8244
   115      2.9110
   116      2.9951
   117      3.0764
   118      3.1534
   119      3.2242
   120      3.2882
   121      3.3457
   122      3.3960
   123      3.4362
   124      3.4630
   125      3.4753
   126      3.4762
   127      3.4710
   128      3.4654
   129      3.4631
   130      3.4654
   131      3.4710
   132      3.4762
   133      3.4753
   134      3.4630
   135      3.4362
   136      3.3960
   137      3.3457
   138      3.2882
   139      3.2242
   140      3.1534
   141      3.0764
   142      2.9951
   143      2.9110
   144      2.8244
   145      2.7346
   146      2.6414
   147      2.5461
   148      2.4504
   149      2.3547
   150      2.2586
   151      2.1617
   152      2.0647
   153      1.9691
   154      1.8755
   155      1.7837
   156      1.6932
   157      1.6043
   158      1.5179
   159      1.4347
   160      1.3545
   161      1.2768
   162      1.2016
   163      1.1294
   164      1.0608
   165      0.9957
   166      0.9336
   167      0.8743
   168      0.8179
   169      0.7648
   170      0.7150
   171      0.6681
   172      0.6238
   173      0.5821
   174      0.5432
   175      0.5071
   176      0.4734
   177      0.4419
   178      0.4123
   179      0.3847
   180      0.3588
   181      0.3339
   182      0.3088
   183      0.2825
   184      0.2539
   185      0.2222
   186      0.1875
   187      0.1510
   188      0.1147
   189      0.0814
   190      0.0536
   191      0.0325
   192      0.0182
   192      0.0018
   191      0.0044
   190      0.0094
   189      0.0186
   188      0.0339
   187      0.0570
   186      0.0886
   185      0.1281
   184      0.1730
   183      0.2198
   182      0.2653
   181      0.3070
   180      0.3444
   179      0.3787
   178      0.4113
   177      0.4435
   176      0.4765
   175      0.5109
   174      0.5475
   173      0.5868
   172      0.6288
   171      0.6734
   170      0.7207
   169      0.7709
   168      0.8244
   167      0.8813
   166      0.9411
   165      1.0036
   164      1.0693
   163      1.1385
   162      1.2112
   161      1.2870
   160      1.3653
   159      1.4461
   158      1.5300
   157      1.6172
   156      1.7068
   155      1.7979
   154      1.8905
   153      1.9848
   152      2.0812
   151      2.1790
   150      2.2766
   149      2.3735
   148      2.4699
   147      2.5665
   146      2.6625
   145      2.7564
   144      2.8470
   143      2.9343
   142      3.0190
   141      3.1010
   140      3.1786
   139      3.2499
   138      3.3144
   137      3.3724
   136      3.4231
   135      3.4636
   134      3.4906
   133      3.5031
   132      3.5039
   131      3.4987
   130      3.4931
   129      3.4908
   128      3.4931
   127      3.4987
   126      3.5039
   125      3.5031
   124      3.4906
   123      3.4636
   122      3.4231
   121      3.3724
   120      3.3144
   119      3.2499
   118      3.1786
   117      3.1010
   116      3.0190
   115      2.9343
   114      2.8470
   113      2.7564
   112      2.6625
   111      2.5665
   110      2.4699
   109      2.3735
   108      2.2766
   107      2.1790
   106      2.0812
   105      1.9848
   104      1.8905
   103      1.7979
   102      1.7068
   101      1.6172
   100      1.5300
    99      1.4461
    98      1.3653
    97      1.2870
    96      1.2112
    95      1.1385
    94      1.0693
    93      1.0036
    92      0.9411
    91      0.8813
    90      0.8244
    89      0.7709
    88      0.7207
    87      0.6734
    86      0.6288
    85      0.5868
    84      0.5475
    83      0.5109
    82      0.4765
    81      0.4435
    80      0.4113
    79      0.3787
    78      0.3444
    77      0.3070
    76      0.2653
    75      0.2198
    74      0.1730
    73      0.1281
    72      0.0886
    71      0.0570
    70      0.0339
    69      0.0186
    68      0.0094
    67      0.0044
    66      0.0018
 gaussian weighted charge
    23      0.0135
    24      0.0477
    25      0.0750
    26      0.2284
    27      0.2384
    28      0.6118
    29      0.4988
    30      1.1092
    31      0.8109
    32      1.6777
    33      1.1892
    34      2.4031
    35      1.6883
    36      3.3704
    37      2.3418
    38      4.6071
    39      3.1498
    40      6.0836
    41      4.0757
    42      7.7038
    43      5.0365
    44      9.2798
    45      5.8597
    46     10.3646
    47      6.2462
    48     10.2422
    49      6.1858
    50      9.7086
    51      6.1858
    52     10.2422
    53      6.2462
    54     10.3646
    55      5.8597
    56      9.2798
    57      5.0365
    58      7.7038
    59      4.0757
    60      6.0836
    61      3.1498
    62      4.6071
    63      2.3418
    64      3.3704
    65      1.6883
    66      2.4031
    67      1.1892
    68      1.6777
    69      0.8109
    70      1.1092
    71      0.4988
    72      0.6118
    73      0.2384
    74      0.2284
    75      0.0750
    76      0.0477
    77      0.0135
    77      0.0041
    76      0.0161
    75      0.0336
    74      0.1122
    73      0.1507
    72      0.4269
    71      0.4075
    70      0.9861
    69      0.7672
    68      1.6496
    67      1.1861
    66      2.4166
    65      1.7006
    64      3.3978
    63      2.3611
    62      4.6452
    61      3.1759
    60      6.1340
    59      4.1095
    58      7.7676
    57      5.0782
    56      9.3567
    55      5.9083
    54     10.4504
    53      6.2979
    52     10.3270
    51      6.2370
    50      9.7890
    49      6.2370
    48     10.3270
    47      6.2979
    46     10.4504
    45      5.9083
    44      9.3567
    43      5.0782
    42      7.7676
    41      4.1095
    40      6.1340
    39      3.1759
    38      4.6452
    37      2.3611
    36      3.3978
    35      1.7006
    34      2.4166
    33      1.1861
    32      1.6496
    31      0.7672
    30      0.9861
    29      0.4075
    28      0.4269
    27      0.1507
    26      0.1122
    25      0.0336
    24      0.0161
    23      0.0041
