 gaussian weighted mass
    59      0.0131
    60      0.0253
    61      0.0449
    62      0.0732
    63      0.1102
    64      0.1540
    65      0.2010
    66      0.2474
    67      0.2903
    68      0.3284
    69      0.3622
    70      0.3929
    71      0.4219
    72      0.4506
    73      0.4801
    74      0.5115
    75      0.5455
    76      0.5822
    77      0.6218
    78      0.6645
    79      0.7108
    80      0.7610
    81      0.8152
    82      0.8732
    83      0.9351
    84      1.0015
    85      1.0731
    86      1.1497
    87      1.2311
    88      1.3173
    89      1.4089
    90      1.5065
    91      1.6100
    92      1.7190
    93      1.8330
    94      1.9525
    95      2.0785
    96      2.2110
    97      2.3489
    98      2.4914
    99      2.6385
   100      2.7912
   101      2.9496
   102      3.1122
   103      3.2773
   104      3.4433
   105      3.6094
   106      3.7725
   107      3.9246
   108      4.0524
   109      4.1380
   110      4.1596
   111      4.0908
   112      3.9042
   113      3.5800
   114      3.1206
   115      2.5591
   116      1.9564
   117      1.3839
   118      0.9003
   119      0.5362
   120      0.2914
   121      0.1441
   122      0.0647
   123      0.0263
   135      0.0263
   136      0.0647
   137      0.1441
   138      0.2914
   139      0.5362
   140      0.9003
   141      1.3839
   142      1.9564
   143      2.5591
   144      3.1206
   145      3.5800
   146      3.9042
   147      4.0908
   148      4.1596
   149      4.1380
   150      4.0524
   151      3.9246
   152      3.7725
   153      3.6094
   154      3.4433
   155      3.2773
   156      3.1122
   157      2.9496
   158      2.7912
   159      2.6385
   160      2.4914
   161      2.3489
   162      2.2110
   163      2.0785
   164      1.9525
   165      1.8330
   166      1.7190
   167      1.6100
   168      1.5065
   169      1.4089
   170      1.3173
   171      1.2311
   172      1.1497
   173      1.0731
   174      1.0015
   175      0.9351
   176      0.8732
   177      0.8152
   178      0.7610
   179      0.7108
   180      0.6645
   181      0.6218
   182      0.5822
   183      0.5455
   184      0.5115
   185      0.4801
   186      0.4506
   187      0.4219
   188      0.3929
   189      0.3622
   190      0.3284
   191      0.2903
   192      0.2474
   193      0.2010
   194      0.1540
   195      0.1102
   196      0.0732
   197      0.0449
   198      0.0253
   199      0.0131
   199      0.0002
   198      0.0006
   197      0.0016
   196      0.0041
   195      0.0095
   194      0.0202
   193      0.0392
   192      0.0701
   191      0.1154
   190      0.1755
   189      0.2481
   188      0.3279
   187      0.4089
   186      0.4857
   185      0.5560
   184      0.6198
   183      0.6787
   182      0.7349
   181      0.7906
   180      0.8477
   179      0.9081
   178      0.9729
   177      1.0424
   176      1.1166
   175      1.1959
   174      1.2809
   173      1.3725
   172      1.4706
   171      1.5747
   170      1.6850
   169      1.8022
   168      1.9271
   167      2.0596
   166      2.1991
   165      2.3450
   164      2.4980
   163      2.6593
   162      2.8288
   161      3.0054
   160      3.1877
   159      3.3759
   158      3.5707
   157      3.7715
   156      3.9741
   155      4.1705
   154      4.3482
   153      4.4875
   152      4.5567
   151      4.5140
   150      4.3173
   149      3.9433
   148      3.4050
   147      2.7557
   146      2.0754
   145      1.4464
   144      0.9285
   143      0.5470
   142      0.2948
   141      0.1450
   140      0.0649
   139      0.0264
   138      0.0098
   137      0.0033
   136      0.0010
   135      0.0003
   123      0.0003
   122      0.0010
   121      0.0033
   120      0.0098
   119      0.0264
   118      0.0649
   117      0.1450
   116      0.2948
   115      0.5470
   114      0.9285
   113      1.4464
   112      2.0754
   111      2.7557
   110      3.4050
   109      3.9433
   108      4.3173
   107      4.5140
   106      4.5567
   105      4.4875
   104      4.3482
   103      4.1705
   102      3.9741
   101      3.7715
   100      3.5707
    99      3.3759
    98      3.1877
    97      3.0054
    96      2.8288
    95      2.6593
    94      2.4980
    93      2.3450
    92      2.1991
    91      2.0596
    90      1.9271
    89      1.8022
    88      1.6850
    87      1.5747
    86      1.4706
    85      1.3725
    84      1.2809
    83      1.1959
    82      1.1166
    81      1.0424
    80      0.9729
    79      0.9081
    78      0.8477
    77      0.7906
    76      0.7349
    75      0.6787
    74      0.6198
    73      0.5560
    72      0.4857
    71      0.4089
    70      0.3279
    69      0.2481
    68      0.1755
    67      0.1154
    66      0.0701
    65      0.0392
    64      0.0202
    63      0.0095
    62      0.0041
    61      0.0016
    60      0.0006
    59      0.0002
 gaussian weighted charge
    21      0.0165
    22      0.0660
    23      0.1012
    24      0.3439
    25      0.3285
    26      0.8852
    27      0.6687
    28      1.4771
    29      1.0421
    30      2.1277
    31      1.4968
    32      3.0230
    33      2.1337
    34      4.2913
    35      3.0171
    36      6.0099
    37      4.1759
    38      8.1863
    39      5.5386
    40     10.5139
    41      6.6372
    42     11.5868
    43      6.3319
    44      9.1020
    45      4.0821
    46      4.0645
    47      1.5158
    48      0.8704
    49      0.2765
    50      0.0824
    51      0.2765
    52      0.8704
    53      1.5158
    54      4.0645
    55      4.0821
    56      9.1020
    57      6.3319
    58     11.5868
    59      6.6372
    60     10.5139
    61      5.5386
    62      8.1863
    63      4.1759
    64      6.0099
    65      3.0171
    66      4.2913
    67      2.1337
    68      3.0230
    69      1.4968
    70      2.1277
    71      1.0421
    72      1.4771
    73      0.6687
    74      0.8852
    75      0.3285
    76      0.3439
    77      0.1012
    78      0.0660
    79      0.0165
    79      0.0021
    78      0.0091
    77      0.0280
    76      0.1118
    75      0.1730
    74      0.5874
    73      0.5696
    72      1.5365
    71      1.1814
    70      2.6224
    69      1.8751
    68      3.8419
    67      2.7152
    66      5.4678
    65      3.8431
    64      7.6566
    63      5.3021
    62     10.3547
    61      6.8258
    60     12.5099
    59      7.2638
    58     10.9304
    57      5.3078
    56      5.3001
    55      2.1827
    54      1.2117
    53      0.4227
    52      0.1265
    51      0.0342
    50      0.0061
    49      0.0342
    48      0.1265
    47      0.4227
    46      1.2117
    45      2.1827
    44      5.3001
    43      5.3078
    42     10.9304
    41      7.2638
    40     12.5099
    39      6.8258
    38     10.3547
    37      5.3021
    36      7.6566
    35      3.8431
    34      5.4678
    33      2.7152
    32      3.8419
    31      1.8751
    30      2.6224
    29      1.1814
    28      1.5365
    27      0.5696
    26      0.5874
    25      0.1730
    24      0.1118
    23      0.0280
    22      0.0091
    21      0.0021
