 gaussian weighted mass
   116      0.0278
   117      0.0787
   118      0.2023
   119      0.4730
   120      1.0082
   121      1.9637
   122      3.5044
   123      5.7459
   124      8.6801
   125     12.1135
   126     15.6544
   127     18.7721
   128     20.9200
   129     21.6870
   130     20.9200
   131     18.7721
   132     15.6544
   133     12.1135
   134      8.6801
   135      5.7459
   136      3.5044
   137      1.9637
   138      1.0082
   139      0.4730
   140      0.2023
   141      0.0787
   142      0.0278
   142      0.0024
   141      0.0096
   140      0.0339
   139      0.1077
   138      0.3065
   137      0.7813
   136      1.7841
   135      3.6493
   134      6.6861
   133     10.9731
   132     16.1312
   131     21.2418
   130     25.0557
   129     26.4735
   128     25.0557
   127     21.2418
   126     16.1312
   125     10.9731
   124      6.6861
   123      3.6493
   122      1.7841
   121      0.7813
   120      0.3065
   119      0.1077
   118      0.0339
   117      0.0096
   116      0.0024
 gaussian weighted charge
    41      0.0375
    42      0.1683
    43      0.5362
    44      2.1013
    45      3.5899
    46     11.2012
    47     12.3215
    48     28.3769
    49     22.5995
    50     38.1217
    51     22.5995
    52     28.3769
    53     12.3215
    54     11.2012
    55      3.5899
    56      2.1013
    57      0.5362
    58      0.1683
    59      0.0375
    59      0.0050
    58      0.0225
    57      0.1561
    56      0.6712
    55      1.9026
    54      7.6676
    53      9.3636
    52     33.1576
    51     20.0338
    50     54.0392
    49     20.0338
    48     33.1576
    47      9.3636
    46      7.6676
    45      1.9026
    44      0.6712
    43      0.1561
    42      0.0225
    41      0.0050
