 gaussian weighted mass
   116      0.0216
   117      0.0636
   118      0.1682
   119      0.4018
   120      0.8677
   121      1.6980
   122      3.0192
   123      4.8959
   124      7.2731
   125      9.9549
   126     12.6423
   127     15.0188
   128     16.8373
   129     17.9600
   130     18.3371
   131     17.9600
   132     16.8373
   133     15.0188
   134     12.6423
   135      9.9549
   136      7.2731
   137      4.8959
   138      3.0192
   139      1.6980
   140      0.8677
   141      0.4018
   142      0.1682
   143      0.0636
   144      0.0216
   144      0.0005
   143      0.0024
   142      0.0096
   141      0.0339
   140      0.1077
   139      0.3065
   138      0.7813
   137      1.7841
   136      3.6493
   135      6.6861
   134     10.9731
   133     16.1312
   132     21.2418
   131     25.0557
   130     26.4735
   129     25.0557
   128     21.2418
   127     16.1312
   126     10.9731
   125      6.6861
   124      3.6493
   123      1.7841
   122      0.7813
   121      0.3065
   120      0.1077
   119      0.0339
   118      0.0096
   117      0.0024
   116      0.0005
 gaussian weighted charge
    41      0.0433
    42      0.1925
    43      0.5972
    44      2.3508
    45      3.7809
    46     11.9811
    47     12.2601
    48     28.5098
    49     21.7632
    50     37.0265
    51     21.7632
    52     28.5098
    53     12.2601
    54     11.9811
    55      3.7809
    56      2.3508
    57      0.5972
    58      0.1925
    59      0.0433
    59      0.0050
    58      0.0225
    57      0.1561
    56      0.6712
    55      1.9026
    54      7.6676
    53      9.3636
    52     33.1576
    51     20.0338
    50     54.0392
    49     20.0338
    48     33.1576
    47      9.3636
    46      7.6676
    45      1.9026
    44      0.6712
    43      0.1561
    42      0.0225
    41      0.0050
